
[23:43:04.860] ------------------------------
[23:43:04.863] MelonLoader v0.7.2-ci.2367 Open-Beta
[23:43:04.863] OS: Windows 11
[23:43:04.863] Hash Code: D6BF00FD6659AE51BFB63FF3F0296A4AB54B28DA09BE826C7B88870E9E46AFFE
[23:43:04.864] ------------------------------
[23:43:04.864] Game Type: Il2cpp
[23:43:04.864] Game Arch: x64
[23:43:04.864] ------------------------------
[23:43:04.864] Command-Line: 
[23:43:04.864] ------------------------------
[23:43:04.864] Core::BasePath = C:\Program Files (x86)\Steam\steamapps\common\Megabonk
[23:43:04.865] Game::BasePath = C:\Program Files (x86)\Steam\steamapps\common\Megabonk
[23:43:04.865] Game::DataPath = C:\Program Files (x86)\Steam\steamapps\common\Megabonk\Megabonk_Data
[23:43:04.865] Game::ApplicationPath = C:\Program Files (x86)\Steam\steamapps\common\Megabonk\Megabonk.exe
[23:43:04.865] Runtime Type: net6
[23:43:04.922] ------------------------------
[23:43:04.922] Game Name: Megabonk
[23:43:04.922] Game Developer: Ved
[23:43:04.924] Unity Version: 2023.2.22f1
[23:43:04.924] Game Version: 1.0.19
[23:43:04.924] ------------------------------

[23:43:05.500] Preferences Loaded!

[23:43:05.511] Loading UserLibs...
[23:43:05.514] 0 UserLibs loaded.

[23:43:05.514] Loading Plugins...
[23:43:05.518] 0 Plugins loaded.

[23:43:05.884] Loading Il2CppAssemblyGenerator...
[23:43:05.920] [Il2CppAssemblyGenerator] Contacting RemoteAPI...
[23:43:06.030] [Il2CppAssemblyGenerator] Game Not Found on RemoteAPI Host (https://api.melonloader.com/api/v1/game/megabonk)
[23:43:06.031] [Il2CppAssemblyGenerator] RemoteAPI.DumperVersion = null
[23:43:06.031] [Il2CppAssemblyGenerator] RemoteAPI.ObfuscationRegex = null
[23:43:06.031] [Il2CppAssemblyGenerator] RemoteAPI.MappingURL = null
[23:43:06.031] [Il2CppAssemblyGenerator] RemoteAPI.MappingFileSHA512 = null
[23:43:06.035] [Il2CppAssemblyGenerator] Using Cpp2IL Version: 2022.1.0-pre-release.20
[23:43:06.035] [Il2CppAssemblyGenerator] Using Il2CppInterop Version = 1.5.1+dbaf825aab891ff1e1627bea691bde0a81d1ad98
[23:43:06.035] [Il2CppAssemblyGenerator] Using Unity Dependencies Version = 2023.2.22
[23:43:06.035] [Il2CppAssemblyGenerator] Using Deobfuscation Regex = null
[23:43:06.035] [Il2CppAssemblyGenerator] Cpp2IL is up to date.
[23:43:06.036] [Il2CppAssemblyGenerator] Cpp2IL.Plugin.StrippedCodeRegSupport is up to date.
[23:43:06.036] [Il2CppAssemblyGenerator] UnityDependencies is up to date.
[23:43:06.036] [Il2CppAssemblyGenerator] Checking GameAssembly...
[23:43:06.128] [Il2CppAssemblyGenerator] Assembly is up to date. No Generation Needed.

[23:43:06.129] Loading Mods...
[23:43:06.441] ------------------------------
[23:43:06.452] Melon Assembly loaded: '.\Mods\BonkMenu.dll'
[23:43:06.452] SHA256 Hash: 'E703153EC91AB50EAD5034D6C769E95296DCF09913E4F4E9A559DEE6D3E6C92B'
[23:43:06.454] Melon Assembly loaded: '.\Mods\UsefullInfoUI.dll'
[23:43:06.454] SHA256 Hash: 'F45AC948BB40923A644F197BA17E460B36A089AC9D089F559D1C25AD4DB962F7'

[23:43:06.622] ------------------------------
[23:43:06.623] BonkMenu v1.0.0
[23:43:06.623] by Goodzy
[23:43:06.623] Assembly: BonkMenu.dll
[23:43:06.623] ------------------------------
[23:43:06.626] ------------------------------
[23:43:06.626] Useful Info UI v1.1.5
[23:43:06.627] by Maskoliver
[23:43:06.627] Assembly: UsefullInfoUI.dll
[23:43:06.627] ------------------------------
[23:43:06.627] ------------------------------
[23:43:06.627] 2 Mods loaded.

[23:43:07.379] [Il2CppInterop] Class::Init signatures have been exhausted, using a substitute!
[23:43:07.529] [Il2CppInterop] Registered mono type MelonLoader.Support.MonoEnumeratorWrapper in il2cpp domain
[23:43:07.608] Support Module Loaded: C:\Program Files (x86)\Steam\steamapps\common\Megabonk\MelonLoader\Dependencies\SupportModules\Il2Cpp.dll
[23:43:08.191] [BonkMenu] [BonkMenu] === BonkMenu Initialized ===
[23:43:08.192] [BonkMenu] No keybind config found, using defaults
[23:43:08.193] [BonkMenu] [Patches] Initializing Harmony patches...
[23:43:08.215] [BonkMenu] [LevelCapPatches] ✅ WeaponData.GetMaxLevel patched - max level set to int.MaxValue
[23:43:08.235] [BonkMenu] [LevelCapPatches] ✅ TomeData.GetMaxLevel patched - max level set to int.MaxValue
[23:43:08.253] [BonkMenu] [XpDisplayPatch] ✅ XpBarUI.SetLevelText patched - will show uncapped XP multiplier
[23:43:08.290] [BonkMenu] [GoldenShrinePatch] ✅ ChargeShrine.Awake & Start patched - golden shrine support enabled
[23:43:08.291] [BonkMenu] [PotVariantPatch] ✅ Pot variant patch ready (will modify post-spawn)
[23:43:08.310] [BonkMenu] [ShadyGuyVariantPatch] ✅ InteractableShadyGuy.Start patched
[23:43:08.329] [BonkMenu] [ShadyGuyVariantPatch] ✅ InteractableShadyGuy.FindItems patched
[23:43:08.330] [BonkMenu] [Patches] All patches applied successfully!
[23:43:08.331] [BonkMenu] [BonkMenu] Press F1 to toggle menu
[23:43:08.331] [BonkMenu] [BonkMenu] ==============================
[23:43:08.343] MelonPreferences Loaded from UserData/UsefulInfoUI.cfg
[23:43:08.474] [Useful_Info_UI] Harmony patches applied.
[23:43:08.476] [Useful_Info_UI] Useful Info UI initialized!
[23:43:08.596] [Useful_Info_UI] Useful Info UI initialized (Melon)
[23:43:08.702] [Il2CppInterop] Registered mono type MelonLoader.Support.SM_Component in il2cpp domain
[23:43:08.711] Registered mono icall UnityEngine.Transform::SetAsLastSibling in il2cpp domain
[23:43:08.737] [Il2CppInterop] Registered mono type UniverseLib.UniversalBehaviour in il2cpp domain
[23:43:09.143] [Il2CppInterop] Registered mono type UniverseLib.Runtime.Il2Cpp.Il2CppManagedEnumerator in il2cpp domain
[23:43:09.386] Registered mono icall UnityEngine.Resources::FindObjectsOfTypeAll in il2cpp domain
[23:43:09.411] [Il2CppInterop] Registered mono type Il2CppInterop.Runtime.DelegateSupport+Il2CppToMonoDelegateReference in il2cpp domain
[23:43:13.373] ✅ XP MULT UNCAPPED!
[23:43:17.625] [Useful_Info_UI] RunInfo UI created (TMPro)
[23:43:17.626] [Useful_Info_UI] Player Stats UI created (TMPro)
[23:43:17.989] [Useful_Info_UI] Overlay toggled to detailed (F1)
[23:43:21.586] [BonkMenu] [BonkMenu] Spawned 1 Shady Merchant using game's spawn system!
[23:43:21.586] [BonkMenu] [BonkMenu] Initiated spawning of 1 Legendary Shady Merchant(s)!
[23:43:21.588] [ShadyGuyVariantPatch] Start Prefix: Set rarity to 3
[23:43:21.594] [ShadyGuyVariantPatch] Mesh found: ShadyGuy (Vertex Count: 1262)
[23:43:21.599] [ShadyGuyVariantPatch] Applied material: ShadyGuyLegendary (Color: RGBA(1.000, 1.000, 1.000, 1.000))
[23:43:21.600] [ShadyGuyVariantPatch] Force enabled MeshRenderer, GameObject, updateWhenOffscreen.
[23:43:21.601] [ShadyGuyVariantPatch] Bounds: Center: (110.08, 2.44, 79.20), Extents: (2.43, 2.49, 0.57), IsVisible: True
[23:43:21.602] [ShadyGuyVariantPatch] Force enabled RootBone: Hips
[23:43:21.603] [ShadyGuyVariantPatch] Force enabled Collider (SphereCollider)
[23:43:21.603] [ShadyGuyVariantPatch] SMR Quality: 0
[23:43:21.603] [ShadyGuyVariantPatch] Forced SMR Quality to Bone4 (4)
[23:43:21.604] [ShadyGuyVariantPatch] Renderer is on separate object: False
[23:43:21.604] [ShadyGuyVariantPatch] Renderer is on Main Object (Layer 12). Cannot change without affecting Collider.
[23:43:21.606] [ShadyGuyVariantPatch] DEBUG: Swapped material to Standard (Red) to test visibility.
[23:43:21.607] [ShadyGuyVariantPatch] hideAfterPurchase object: MinimapIcon (1) (Active: True)
[23:43:21.607] [ShadyGuyVariantPatch] hideAfterPurchase object: AltarIcon (1) (Active: True)
[23:43:21.607] [ShadyGuyVariantPatch] Final State - Pos: (276.11, -16.42, 147.15), Scale: (1.00, 1.00, 1.00), Active: True, Layer: 12
[23:43:21.798] [BonkMenu] [BonkMenu] Spawned 1 Shady Merchant using game's spawn system!
[23:43:21.798] [BonkMenu] [BonkMenu] Initiated spawning of 1 Legendary Shady Merchant(s)!
[23:43:21.799] [ShadyGuyVariantPatch] Start Prefix: Set rarity to 3
[23:43:21.799] [ShadyGuyVariantPatch] Mesh found: ShadyGuy (Vertex Count: 1262)
[23:43:21.799] [ShadyGuyVariantPatch] Applied material: ShadyGuyLegendary (Color: RGBA(1.000, 1.000, 1.000, 1.000))
[23:43:21.799] [ShadyGuyVariantPatch] Force enabled MeshRenderer, GameObject, updateWhenOffscreen.
[23:43:21.799] [ShadyGuyVariantPatch] Bounds: Center: (110.08, 2.44, 79.20), Extents: (2.43, 2.49, 0.57), IsVisible: True
[23:43:21.799] [ShadyGuyVariantPatch] Force enabled RootBone: Hips
[23:43:21.799] [ShadyGuyVariantPatch] Force enabled Collider (SphereCollider)
[23:43:21.800] [ShadyGuyVariantPatch] SMR Quality: 0
[23:43:21.800] [ShadyGuyVariantPatch] Forced SMR Quality to Bone4 (4)
[23:43:21.800] [ShadyGuyVariantPatch] Renderer is on separate object: False
[23:43:21.800] [ShadyGuyVariantPatch] Renderer is on Main Object (Layer 12). Cannot change without affecting Collider.
[23:43:21.800] [ShadyGuyVariantPatch] DEBUG: Swapped material to Standard (Red) to test visibility.
[23:43:21.800] [ShadyGuyVariantPatch] hideAfterPurchase object: MinimapIcon (1) (Active: True)
[23:43:21.800] [ShadyGuyVariantPatch] hideAfterPurchase object: AltarIcon (1) (Active: True)
[23:43:21.800] [ShadyGuyVariantPatch] Final State - Pos: (284.81, -20.00, 295.64), Scale: (1.00, 1.00, 1.00), Active: True, Layer: 12
[23:43:21.953] [BonkMenu] [BonkMenu] Spawned 1 Shady Merchant using game's spawn system!
[23:43:21.953] [BonkMenu] [BonkMenu] Initiated spawning of 1 Legendary Shady Merchant(s)!
[23:43:21.954] [ShadyGuyVariantPatch] Start Prefix: Set rarity to 3
[23:43:21.954] [ShadyGuyVariantPatch] Mesh found: ShadyGuy (Vertex Count: 1262)
[23:43:21.954] [ShadyGuyVariantPatch] Applied material: ShadyGuyLegendary (Color: RGBA(1.000, 1.000, 1.000, 1.000))
[23:43:21.954] [ShadyGuyVariantPatch] Force enabled MeshRenderer, GameObject, updateWhenOffscreen.
[23:43:21.954] [ShadyGuyVariantPatch] Bounds: Center: (110.08, 2.44, 79.20), Extents: (2.43, 2.49, 0.57), IsVisible: True
[23:43:21.955] [ShadyGuyVariantPatch] Force enabled RootBone: Hips
[23:43:21.955] [ShadyGuyVariantPatch] Force enabled Collider (SphereCollider)
[23:43:21.955] [ShadyGuyVariantPatch] SMR Quality: 0
[23:43:21.955] [ShadyGuyVariantPatch] Forced SMR Quality to Bone4 (4)
[23:43:21.955] [ShadyGuyVariantPatch] Renderer is on separate object: False
[23:43:21.955] [ShadyGuyVariantPatch] Renderer is on Main Object (Layer 12). Cannot change without affecting Collider.
[23:43:21.955] [ShadyGuyVariantPatch] DEBUG: Swapped material to Standard (Red) to test visibility.
[23:43:21.956] [ShadyGuyVariantPatch] hideAfterPurchase object: MinimapIcon (1) (Active: True)
[23:43:21.956] [ShadyGuyVariantPatch] hideAfterPurchase object: AltarIcon (1) (Active: True)
[23:43:21.956] [ShadyGuyVariantPatch] Final State - Pos: (-207.25, -21.68, 143.36), Scale: (1.00, 1.00, 1.00), Active: True, Layer: 12
[23:43:22.089] [BonkMenu] [BonkMenu] Spawned 1 Shady Merchant using game's spawn system!
[23:43:22.089] [BonkMenu] [BonkMenu] Initiated spawning of 1 Legendary Shady Merchant(s)!
[23:43:22.090] [ShadyGuyVariantPatch] Start Prefix: Set rarity to 3
[23:43:22.090] [ShadyGuyVariantPatch] Mesh found: ShadyGuy (Vertex Count: 1262)
[23:43:22.090] [ShadyGuyVariantPatch] Applied material: ShadyGuyLegendary (Color: RGBA(1.000, 1.000, 1.000, 1.000))
[23:43:22.090] [ShadyGuyVariantPatch] Force enabled MeshRenderer, GameObject, updateWhenOffscreen.
[23:43:22.090] [ShadyGuyVariantPatch] Bounds: Center: (110.08, 2.44, 79.20), Extents: (2.43, 2.49, 0.57), IsVisible: True
[23:43:22.090] [ShadyGuyVariantPatch] Force enabled RootBone: Hips
[23:43:22.091] [ShadyGuyVariantPatch] Force enabled Collider (SphereCollider)
[23:43:22.091] [ShadyGuyVariantPatch] SMR Quality: 0
[23:43:22.091] [ShadyGuyVariantPatch] Forced SMR Quality to Bone4 (4)
[23:43:22.091] [ShadyGuyVariantPatch] Renderer is on separate object: False
[23:43:22.091] [ShadyGuyVariantPatch] Renderer is on Main Object (Layer 12). Cannot change without affecting Collider.
[23:43:22.091] [ShadyGuyVariantPatch] DEBUG: Swapped material to Standard (Red) to test visibility.
[23:43:22.091] [ShadyGuyVariantPatch] hideAfterPurchase object: MinimapIcon (1) (Active: True)
[23:43:22.091] [ShadyGuyVariantPatch] hideAfterPurchase object: AltarIcon (1) (Active: True)
[23:43:22.091] [ShadyGuyVariantPatch] Final State - Pos: (169.54, 0.00, 210.95), Scale: (1.00, 1.00, 1.00), Active: True, Layer: 12
[23:43:22.250] [BonkMenu] [BonkMenu] Spawned 1 Shady Merchant using game's spawn system!
[23:43:22.250] [BonkMenu] [BonkMenu] Initiated spawning of 1 Legendary Shady Merchant(s)!
[23:43:22.251] [ShadyGuyVariantPatch] Start Prefix: Set rarity to 3
[23:43:22.251] [ShadyGuyVariantPatch] Mesh found: ShadyGuy (Vertex Count: 1262)
[23:43:22.251] [ShadyGuyVariantPatch] Applied material: ShadyGuyLegendary (Color: RGBA(1.000, 1.000, 1.000, 1.000))
[23:43:22.251] [ShadyGuyVariantPatch] Force enabled MeshRenderer, GameObject, updateWhenOffscreen.
[23:43:22.251] [ShadyGuyVariantPatch] Bounds: Center: (110.08, 2.44, 79.20), Extents: (2.43, 2.49, 0.57), IsVisible: True
[23:43:22.251] [ShadyGuyVariantPatch] Force enabled RootBone: Hips
[23:43:22.252] [ShadyGuyVariantPatch] Force enabled Collider (SphereCollider)
[23:43:22.252] [ShadyGuyVariantPatch] SMR Quality: 0
[23:43:22.252] [ShadyGuyVariantPatch] Forced SMR Quality to Bone4 (4)
[23:43:22.252] [ShadyGuyVariantPatch] Renderer is on separate object: False
[23:43:22.252] [ShadyGuyVariantPatch] Renderer is on Main Object (Layer 12). Cannot change without affecting Collider.
[23:43:22.252] [ShadyGuyVariantPatch] DEBUG: Swapped material to Standard (Red) to test visibility.
[23:43:22.252] [ShadyGuyVariantPatch] hideAfterPurchase object: MinimapIcon (1) (Active: True)
[23:43:22.252] [ShadyGuyVariantPatch] hideAfterPurchase object: AltarIcon (1) (Active: True)
[23:43:22.252] [ShadyGuyVariantPatch] Final State - Pos: (284.78, 0.00, 22.69), Scale: (1.00, 1.00, 1.00), Active: True, Layer: 12
[23:43:22.405] [BonkMenu] [BonkMenu] Spawned 1 Shady Merchant using game's spawn system!
[23:43:22.406] [BonkMenu] [BonkMenu] Initiated spawning of 1 Legendary Shady Merchant(s)!
[23:43:22.406] [ShadyGuyVariantPatch] Start Prefix: Set rarity to 3
[23:43:22.406] [ShadyGuyVariantPatch] Mesh found: ShadyGuy (Vertex Count: 1262)
[23:43:22.406] [ShadyGuyVariantPatch] Applied material: ShadyGuyLegendary (Color: RGBA(1.000, 1.000, 1.000, 1.000))
[23:43:22.407] [ShadyGuyVariantPatch] Force enabled MeshRenderer, GameObject, updateWhenOffscreen.
[23:43:22.407] [ShadyGuyVariantPatch] Bounds: Center: (110.08, 2.44, 79.20), Extents: (2.43, 2.49, 0.57), IsVisible: True
[23:43:22.407] [ShadyGuyVariantPatch] Force enabled RootBone: Hips
[23:43:22.407] [ShadyGuyVariantPatch] Force enabled Collider (SphereCollider)
[23:43:22.407] [ShadyGuyVariantPatch] SMR Quality: 0
[23:43:22.407] [ShadyGuyVariantPatch] Forced SMR Quality to Bone4 (4)
[23:43:22.407] [ShadyGuyVariantPatch] Renderer is on separate object: False
[23:43:22.407] [ShadyGuyVariantPatch] Renderer is on Main Object (Layer 12). Cannot change without affecting Collider.
[23:43:22.408] [ShadyGuyVariantPatch] DEBUG: Swapped material to Standard (Red) to test visibility.
[23:43:22.408] [ShadyGuyVariantPatch] hideAfterPurchase object: MinimapIcon (1) (Active: True)
[23:43:22.408] [ShadyGuyVariantPatch] hideAfterPurchase object: AltarIcon (1) (Active: True)
[23:43:22.408] [ShadyGuyVariantPatch] Final State - Pos: (-124.43, -0.26, 60.52), Scale: (1.00, 1.00, 1.00), Active: True, Layer: 12
[23:43:22.551] [BonkMenu] [BonkMenu] Spawned 1 Shady Merchant using game's spawn system!
[23:43:22.551] [BonkMenu] [BonkMenu] Initiated spawning of 1 Legendary Shady Merchant(s)!
[23:43:22.552] [ShadyGuyVariantPatch] Start Prefix: Set rarity to 3
[23:43:22.552] [ShadyGuyVariantPatch] Mesh found: ShadyGuy (Vertex Count: 1262)
[23:43:22.552] [ShadyGuyVariantPatch] Applied material: ShadyGuyLegendary (Color: RGBA(1.000, 1.000, 1.000, 1.000))
[23:43:22.552] [ShadyGuyVariantPatch] Force enabled MeshRenderer, GameObject, updateWhenOffscreen.
[23:43:22.553] [ShadyGuyVariantPatch] Bounds: Center: (110.08, 2.44, 79.20), Extents: (2.43, 2.49, 0.57), IsVisible: True
[23:43:22.553] [ShadyGuyVariantPatch] Force enabled RootBone: Hips
[23:43:22.553] [ShadyGuyVariantPatch] Force enabled Collider (SphereCollider)
[23:43:22.553] [ShadyGuyVariantPatch] SMR Quality: 0
[23:43:22.553] [ShadyGuyVariantPatch] Forced SMR Quality to Bone4 (4)
[23:43:22.553] [ShadyGuyVariantPatch] Renderer is on separate object: False
[23:43:22.553] [ShadyGuyVariantPatch] Renderer is on Main Object (Layer 12). Cannot change without affecting Collider.
[23:43:22.553] [ShadyGuyVariantPatch] DEBUG: Swapped material to Standard (Red) to test visibility.
[23:43:22.554] [ShadyGuyVariantPatch] hideAfterPurchase object: MinimapIcon (1) (Active: True)
[23:43:22.554] [ShadyGuyVariantPatch] hideAfterPurchase object: AltarIcon (1) (Active: True)
[23:43:22.554] [ShadyGuyVariantPatch] Final State - Pos: (-67.03, -12.73, 234.54), Scale: (1.00, 1.00, 1.00), Active: True, Layer: 12
[23:43:22.704] [BonkMenu] [BonkMenu] Spawned 1 Shady Merchant using game's spawn system!
[23:43:22.704] [BonkMenu] [BonkMenu] Initiated spawning of 1 Legendary Shady Merchant(s)!
[23:43:22.705] [ShadyGuyVariantPatch] Start Prefix: Set rarity to 3
[23:43:22.705] [ShadyGuyVariantPatch] Mesh found: ShadyGuy (Vertex Count: 1262)
[23:43:22.705] [ShadyGuyVariantPatch] Applied material: ShadyGuyLegendary (Color: RGBA(1.000, 1.000, 1.000, 1.000))
[23:43:22.705] [ShadyGuyVariantPatch] Force enabled MeshRenderer, GameObject, updateWhenOffscreen.
[23:43:22.705] [ShadyGuyVariantPatch] Bounds: Center: (110.08, 2.44, 79.20), Extents: (2.43, 2.49, 0.57), IsVisible: True
[23:43:22.705] [ShadyGuyVariantPatch] Force enabled RootBone: Hips
[23:43:22.706] [ShadyGuyVariantPatch] Force enabled Collider (SphereCollider)
[23:43:22.706] [ShadyGuyVariantPatch] SMR Quality: 0
[23:43:22.706] [ShadyGuyVariantPatch] Forced SMR Quality to Bone4 (4)
[23:43:22.706] [ShadyGuyVariantPatch] Renderer is on separate object: False
[23:43:22.706] [ShadyGuyVariantPatch] Renderer is on Main Object (Layer 12). Cannot change without affecting Collider.
[23:43:22.706] [ShadyGuyVariantPatch] DEBUG: Swapped material to Standard (Red) to test visibility.
[23:43:22.706] [ShadyGuyVariantPatch] hideAfterPurchase object: MinimapIcon (1) (Active: True)
[23:43:22.706] [ShadyGuyVariantPatch] hideAfterPurchase object: AltarIcon (1) (Active: True)
[23:43:22.706] [ShadyGuyVariantPatch] Final State - Pos: (264.85, 0.00, 211.41), Scale: (1.00, 1.00, 1.00), Active: True, Layer: 12
[23:43:22.843] [BonkMenu] [BonkMenu] Spawned 1 Shady Merchant using game's spawn system!
[23:43:22.843] [BonkMenu] [BonkMenu] Initiated spawning of 1 Legendary Shady Merchant(s)!
[23:43:22.844] [ShadyGuyVariantPatch] Start Prefix: Set rarity to 3
[23:43:22.844] [ShadyGuyVariantPatch] Mesh found: ShadyGuy (Vertex Count: 1262)
[23:43:22.844] [ShadyGuyVariantPatch] Applied material: ShadyGuyLegendary (Color: RGBA(1.000, 1.000, 1.000, 1.000))
[23:43:22.844] [ShadyGuyVariantPatch] Force enabled MeshRenderer, GameObject, updateWhenOffscreen.
[23:43:22.844] [ShadyGuyVariantPatch] Bounds: Center: (110.08, 2.44, 79.20), Extents: (2.43, 2.49, 0.57), IsVisible: True
[23:43:22.844] [ShadyGuyVariantPatch] Force enabled RootBone: Hips
[23:43:22.845] [ShadyGuyVariantPatch] Force enabled Collider (SphereCollider)
[23:43:22.845] [ShadyGuyVariantPatch] SMR Quality: 0
[23:43:22.845] [ShadyGuyVariantPatch] Forced SMR Quality to Bone4 (4)
[23:43:22.845] [ShadyGuyVariantPatch] Renderer is on separate object: False
[23:43:22.845] [ShadyGuyVariantPatch] Renderer is on Main Object (Layer 12). Cannot change without affecting Collider.
[23:43:22.845] [ShadyGuyVariantPatch] DEBUG: Swapped material to Standard (Red) to test visibility.
[23:43:22.845] [ShadyGuyVariantPatch] hideAfterPurchase object: MinimapIcon (1) (Active: True)
[23:43:22.845] [ShadyGuyVariantPatch] hideAfterPurchase object: AltarIcon (1) (Active: True)
[23:43:22.846] [ShadyGuyVariantPatch] Final State - Pos: (-35.54, -32.23, -1.82), Scale: (1.00, 1.00, 1.00), Active: True, Layer: 12
[23:43:22.984] [BonkMenu] [BonkMenu] Spawned 1 Shady Merchant using game's spawn system!
[23:43:22.984] [BonkMenu] [BonkMenu] Initiated spawning of 1 Legendary Shady Merchant(s)!
[23:43:22.985] [ShadyGuyVariantPatch] Start Prefix: Set rarity to 3
[23:43:22.985] [ShadyGuyVariantPatch] Mesh found: ShadyGuy (Vertex Count: 1262)
[23:43:22.985] [ShadyGuyVariantPatch] Applied material: ShadyGuyLegendary (Color: RGBA(1.000, 1.000, 1.000, 1.000))
[23:43:22.985] [ShadyGuyVariantPatch] Force enabled MeshRenderer, GameObject, updateWhenOffscreen.
[23:43:22.985] [ShadyGuyVariantPatch] Bounds: Center: (110.08, 2.44, 79.20), Extents: (2.43, 2.49, 0.57), IsVisible: True
[23:43:22.985] [ShadyGuyVariantPatch] Force enabled RootBone: Hips
[23:43:22.985] [ShadyGuyVariantPatch] Force enabled Collider (SphereCollider)
[23:43:22.986] [ShadyGuyVariantPatch] SMR Quality: 0
[23:43:22.986] [ShadyGuyVariantPatch] Forced SMR Quality to Bone4 (4)
[23:43:22.986] [ShadyGuyVariantPatch] Renderer is on separate object: False
[23:43:22.986] [ShadyGuyVariantPatch] Renderer is on Main Object (Layer 12). Cannot change without affecting Collider.
[23:43:22.986] [ShadyGuyVariantPatch] DEBUG: Swapped material to Standard (Red) to test visibility.
[23:43:22.986] [ShadyGuyVariantPatch] hideAfterPurchase object: MinimapIcon (1) (Active: True)
[23:43:22.986] [ShadyGuyVariantPatch] hideAfterPurchase object: AltarIcon (1) (Active: True)
[23:43:22.986] [ShadyGuyVariantPatch] Final State - Pos: (5.56, 20.00, -191.29), Scale: (1.00, 1.00, 1.00), Active: True, Layer: 12
[23:44:16.971] Preferences Saved!
